#
# There is insufficient memory for the Java Runtime Environment to continue.
# Native memory allocation (mmap) failed to map 532676608 bytes for G1 virtual space
# Possible reasons:
#   The system is out of physical RAM or swap space
#   The process is running with CompressedOops enabled, and the Java Heap may be blocking the growth of the native heap
# Possible solutions:
#   Reduce memory load on the system
#   Increase physical memory or swap space
#   Check if swap backing store is full
#   Decrease Java heap size (-Xmx/-Xms)
#   Decrease number of Java threads
#   Decrease Java thread stack sizes (-Xss)
#   Set larger code cache with -XX:ReservedCodeCacheSize=
#   JVM is running with Zero Based Compressed Oops mode in which the Java heap is
#     placed in the first 32GB address space. The Java Heap base address is the
#     maximum limit for the native heap growth. Please use -XX:HeapBaseMinAddress
#     to set the Java Heap base and to place the Java Heap above 32GB virtual address.
# This output file may be truncated or incomplete.
#
#  Out of Memory Error (os_windows.cpp:3825), pid=32896, tid=3376
#
# JRE version:  (17.0.10+8) (build )
# Java VM: OpenJDK 64-Bit Server VM (17.0.10+8-b1207.12, mixed mode, sharing, tiered, compressed oops, compressed class ptrs, g1 gc, windows-amd64)
# No core dump will be written. Minidumps are not enabled by default on client versions of Windows
#

---------------  S U M M A R Y ------------

Command Line: git4idea.http.GitAskPassApp Username for 'https://github.com': 

Host: Intel(R) Core(TM) i7-7700 CPU @ 3.60GHz, 8 cores, 31G,  Windows 11 , 64 bit Build 22000 (10.0.22000.1761)
Time: Tue May 21 15:23:38 2024 Central America Standard Time elapsed time: 0.014378 seconds (0d 0h 0m 0s)

---------------  T H R E A D  ---------------

Current thread (0x000001d751ffdff0):  JavaThread "Unknown thread" [_thread_in_vm, id=3376, stack(0x000000ae76400000,0x000000ae76500000)]

Stack: [0x000000ae76400000,0x000000ae76500000]
Native frames: (J=compiled Java code, j=interpreted, Vv=VM code, C=native code)
V  [jvm.dll+0x687989]
V  [jvm.dll+0x84116a]
V  [jvm.dll+0x842dae]
V  [jvm.dll+0x843413]
V  [jvm.dll+0x249ccf]
V  [jvm.dll+0x684759]
V  [jvm.dll+0x67900a]
V  [jvm.dll+0x30ab0b]
V  [jvm.dll+0x311fb6]
V  [jvm.dll+0x361d5e]
V  [jvm.dll+0x361f8f]
V  [jvm.dll+0x2e07f8]
V  [jvm.dll+0x2e1764]
V  [jvm.dll+0x811c31]
V  [jvm.dll+0x36fc11]
V  [jvm.dll+0x7f0666]
V  [jvm.dll+0x3f3daf]
V  [jvm.dll+0x3f5a41]
C  [jli.dll+0x528f]
C  [ucrtbase.dll+0x26c0c]
C  [KERNEL32.DLL+0x15590]
C  [ntdll.dll+0x485b]


---------------  P R O C E S S  ---------------

Threads class SMR info:
_java_thread_list=0x00007ffecc28df58, length=0, elements={
}

Java Threads: ( => current thread )

Other Threads:
  0x000001d75220a7a0 GCTaskThread "GC Thread#0" [stack: 0x000000ae76500000,0x000000ae76600000] [id=31500]
  0x000001d75221b610 ConcurrentGCThread "G1 Main Marker" [stack: 0x000000ae76600000,0x000000ae76700000] [id=25568]
  0x000001d75221c030 ConcurrentGCThread "G1 Conc#0" [stack: 0x000000ae76700000,0x000000ae76800000] [id=31544]

[error occurred during error reporting (printing all threads), id 0xc0000005, EXCEPTION_ACCESS_VIOLATION (0xc0000005) at pc=0x00007ffecba413c7]

VM state: not at safepoint (not fully initialized)

VM Mutex/Monitor currently owned by a thread:  ([mutex/lock_event])
[0x000001d751ffb2b0] Heap_lock - owner thread: 0x000001d751ffdff0

Heap address: 0x0000000604800000, size: 8120 MB, Compressed Oops mode: Zero based, Oop shift amount: 3

CDS archive(s) mapped at: [0x0000000000000000-0x0000000000000000-0x0000000000000000), size 0, SharedBaseAddress: 0x0000000800000000, ArchiveRelocationMode: 1.
Narrow klass base: 0x0000000000000000, Narrow klass shift: 0, Narrow klass range: 0x0

GC Precious Log:
<Empty>

Heap:
 garbage-first heap   total 0K, used 0K [0x0000000604800000, 0x0000000800000000)
  region size 4096K, 0 young (0K), 0 survivors (0K)
 Metaspace       used 0K, committed 0K, reserved 0K
  class space    used 0K, committed 0K, reserved 0K

Heap Regions: E=young(eden), S=young(survivor), O=old, HS=humongous(starts), HC=humongous(continues), CS=collection set, F=free, OA=open archive, CA=closed archive, TAMS=top-at-mark-start (previous, next)

Card table byte_map: [0x000001d767b00000,0x000001d768ae0000] _byte_map_base: 0x000001d764adc000

Marking Bits (Prev, Next): (CMBitMap*) 0x000001d75220adc0, (CMBitMap*) 0x000001d75220ae00
 Prev Bits: [0x000001d769ac0000, 0x000001d7719a0000)
 Next Bits: [0x000001d7719a0000, 0x000001d779880000)

GC Heap History (0 events):
No events

Dll operation events (1 events):
Event: 0.009 Loaded shared library C:\Program Files\JetBrains\PhpStorm 2024.1\jbr\bin\java.dll

Deoptimization events (0 events):
No events

Classes unloaded (0 events):
No events

Classes redefined (0 events):
No events

Internal exceptions (0 events):
No events

VM Operations (0 events):
No events

Events (0 events):
No events


Dynamic libraries:
0x00007ff7feb40000 - 0x00007ff7feb4a000 	C:\Program Files\JetBrains\PhpStorm 2024.1\jbr\bin\java.exe
0x00007ffee4b60000 - 0x00007ffee4d69000 	C:\Windows\SYSTEM32\ntdll.dll
0x00007ffee3ee0000 - 0x00007ffee3f9e000 	C:\Windows\System32\KERNEL32.DLL
0x00007ffee2090000 - 0x00007ffee2413000 	C:\Windows\System32\KERNELBASE.dll
0x00007ffee25b0000 - 0x00007ffee26c1000 	C:\Windows\System32\ucrtbase.dll
0x00007ffed1750000 - 0x00007ffed1767000 	C:\Program Files\JetBrains\PhpStorm 2024.1\jbr\bin\jli.dll
0x00007ffed09e0000 - 0x00007ffed09fb000 	C:\Program Files\JetBrains\PhpStorm 2024.1\jbr\bin\VCRUNTIME140.dll
0x00007ffee3020000 - 0x00007ffee31cd000 	C:\Windows\System32\USER32.dll
0x00007ffee26d0000 - 0x00007ffee26f6000 	C:\Windows\System32\win32u.dll
0x00007ffeb4090000 - 0x00007ffeb4335000 	C:\Windows\WinSxS\amd64_microsoft.windows.common-controls_6595b64144ccf1df_6.0.22000.120_none_9d947278b86cc467\COMCTL32.dll
0x00007ffee3410000 - 0x00007ffee34b3000 	C:\Windows\System32\msvcrt.dll
0x00007ffee4070000 - 0x00007ffee4099000 	C:\Windows\System32\GDI32.dll
0x00007ffee2490000 - 0x00007ffee25aa000 	C:\Windows\System32\gdi32full.dll
0x00007ffee2700000 - 0x00007ffee279d000 	C:\Windows\System32\msvcp_win.dll
0x00007ffee31d0000 - 0x00007ffee3201000 	C:\Windows\System32\IMM32.DLL
0x00007ffed1a70000 - 0x00007ffed1a7c000 	C:\Program Files\JetBrains\PhpStorm 2024.1\jbr\bin\vcruntime140_1.dll
0x00007ffec64b0000 - 0x00007ffec653d000 	C:\Program Files\JetBrains\PhpStorm 2024.1\jbr\bin\msvcp140.dll
0x00007ffecb750000 - 0x00007ffecc3d2000 	C:\Program Files\JetBrains\PhpStorm 2024.1\jbr\bin\server\jvm.dll
0x00007ffee3c90000 - 0x00007ffee3d3e000 	C:\Windows\System32\ADVAPI32.dll
0x00007ffee29d0000 - 0x00007ffee2a6e000 	C:\Windows\System32\sechost.dll
0x00007ffee2c50000 - 0x00007ffee2d71000 	C:\Windows\System32\RPCRT4.dll
0x00007ffee1890000 - 0x00007ffee18dd000 	C:\Windows\SYSTEM32\POWRPROF.dll
0x00007ffeda750000 - 0x00007ffeda783000 	C:\Windows\SYSTEM32\WINMM.dll
0x00007ffeda650000 - 0x00007ffeda65a000 	C:\Windows\SYSTEM32\VERSION.dll
0x00007ffe7f190000 - 0x00007ffe7f199000 	C:\Windows\SYSTEM32\WSOCK32.dll
0x00007ffee2fa0000 - 0x00007ffee300f000 	C:\Windows\System32\WS2_32.dll
0x00007ffee1830000 - 0x00007ffee1843000 	C:\Windows\SYSTEM32\UMPDC.dll
0x00007ffee1050000 - 0x00007ffee1068000 	C:\Windows\SYSTEM32\kernel.appcore.dll
0x00007ffedc4e0000 - 0x00007ffedc4ea000 	C:\Program Files\JetBrains\PhpStorm 2024.1\jbr\bin\jimage.dll
0x00007ffed9330000 - 0x00007ffed9551000 	C:\Windows\SYSTEM32\DBGHELP.DLL
0x00007ffed9870000 - 0x00007ffed98a1000 	C:\Windows\SYSTEM32\dbgcore.DLL
0x00007ffee2010000 - 0x00007ffee208f000 	C:\Windows\System32\bcryptPrimitives.dll
0x00007ffed7f00000 - 0x00007ffed7f25000 	C:\Program Files\JetBrains\PhpStorm 2024.1\jbr\bin\java.dll

dbghelp: loaded successfully - version: 4.0.5 - missing functions: none
symbol engine: initialized successfully - sym options: 0x614 - pdb path: .;C:\Program Files\JetBrains\PhpStorm 2024.1\jbr\bin;C:\Windows\SYSTEM32;C:\Windows\WinSxS\amd64_microsoft.windows.common-controls_6595b64144ccf1df_6.0.22000.120_none_9d947278b86cc467;C:\Program Files\JetBrains\PhpStorm 2024.1\jbr\bin\server

VM Arguments:
java_command: git4idea.http.GitAskPassApp Username for 'https://github.com': 
java_class_path (initial): C:/Program Files/JetBrains/PhpStorm 2024.1/plugins/vcs-git/lib/git4idea-rt.jar;C:/Program Files/JetBrains/PhpStorm 2024.1/lib/externalProcess-rt.jar
Launcher Type: SUN_STANDARD

[Global flags]
     intx CICompilerCount                          = 4                                         {product} {ergonomic}
     uint ConcGCThreads                            = 2                                         {product} {ergonomic}
     uint G1ConcRefinementThreads                  = 8                                         {product} {ergonomic}
   size_t G1HeapRegionSize                         = 4194304                                   {product} {ergonomic}
    uintx GCDrainStackTargetSize                   = 64                                        {product} {ergonomic}
   size_t InitialHeapSize                          = 532676608                                 {product} {ergonomic}
   size_t MarkStackSize                            = 4194304                                   {product} {ergonomic}
   size_t MaxHeapSize                              = 8514437120                                {product} {ergonomic}
   size_t MinHeapDeltaBytes                        = 4194304                                   {product} {ergonomic}
   size_t MinHeapSize                              = 8388608                                   {product} {ergonomic}
    uintx NonNMethodCodeHeapSize                   = 5839372                                {pd product} {ergonomic}
    uintx NonProfiledCodeHeapSize                  = 122909434                              {pd product} {ergonomic}
    uintx ProfiledCodeHeapSize                     = 122909434                              {pd product} {ergonomic}
    uintx ReservedCodeCacheSize                    = 251658240                              {pd product} {ergonomic}
     bool SegmentedCodeCache                       = true                                      {product} {ergonomic}
   size_t SoftMaxHeapSize                          = 8514437120                             {manageable} {ergonomic}
     bool UseCompressedClassPointers               = true                           {product lp64_product} {ergonomic}
     bool UseCompressedOops                        = true                           {product lp64_product} {ergonomic}
     bool UseG1GC                                  = true                                      {product} {ergonomic}
     bool UseLargePagesIndividualAllocation        = false                                  {pd product} {ergonomic}

Logging:
Log output configuration:
 #0: stdout all=warning uptime,level,tags
 #1: stderr all=off uptime,level,tags

Environment Variables:
PATH=C:/Program Files/Git/mingw64/libexec/git-core;C:/Program Files/Git/mingw64/libexec/git-core;C:\Program Files\Git\mingw64\bin;C:\Program Files\Git\usr\bin;C:\Users\mrivera\bin;C:\Program Files (x86)\VMware\VMware Player\bin\;C:\Program Files\Common Files\Oracle\Java\javapath;C:\Program Files\Java\jdk-17\bin;C:\Program Files\Common Files\Microsoft Shared\Microsoft Online Services;C:\Program Files (x86)\Common Files\Microsoft Shared\Microsoft Online Services;C:\Windows\system32;C:\Windows;C:\Windows\System32\Wbem;C:\Windows\System32\WindowsPowerShell\v1.0\;C:\Windows\System32\OpenSSH\;C:\Program Files\Azure Data Studio\bin;C:\Program Files\Microsoft SQL Server\Client SDK\ODBC\170\Tools\Binn\;C:\Program Files\Microsoft SQL Server\150\Tools\Binn\;C:\Program Files\Git\cmd;C:\Program Files (x86)\Intel\Intel(R) Management Engine Components\DAL;C:\Program Files\Intel\Intel(R) Management Engine Components\DAL;C:\Program Files\dotnet\;C:\Program Files\Docker\Docker\resources\bin;C:\ProgramData\DockerDesktop\version-bin;C:\Program Files (x86)\Microsoft SQL Server\150\Tools\Binn\;C:\Program Files\Microsoft SQL Server\150\DTS\Binn\;C:\Program Files\Microsoft SQL Server\130\Tools\Binn\;C:\Program Files (x86)\dotnet\;C:\Program Files (x86)\Microsoft SQL Server\Client SDK\ODBC\130\Tools\Binn\;C:\Program Files (x86)\Microsoft SQL Server\140\Tools\Binn\;C:\Program Files (x86)\Microsoft SQL Server\140\DTS\Binn\;C:\Program Files (x86)\Microsoft SQL Server\140\Tools\Binn\ManagementStudio\;C:\Program Files\Microsoft VS Code\bin;C:\Program Files\PuTTY\;C:\php;C:\ProgramData\ComposerSetup\bin;C:\Program Files (x86)\PDFtk Server\bin\;C:\Program Files\gs\gs10.02.1\bin;C:\Program Files (x86)\Tesseract-OCR;C:\Program Files\nodejs\;C:\Users\mrivera\AppData\Local\Android\Sdk\platform-tools;C:\Program Files\PowerShell\7\;C:\Program Files\MySQL\MySQL Shell 8.0\bin\;C:\Users\mrivera\AppData\Local\Microsoft\WindowsApps;C:\Users\mrivera\.dotnet\tools;C:\Users\mrivera\AppData\Roaming\Composer\vendor\
USERNAME=mrivera
DISPLAY=:0.0
LC_ALL=en_US.UTF-8
TERM=cygwin
TMPDIR=C:\Users\mrivera\AppData\Local\Temp
OS=Windows_NT
PROCESSOR_IDENTIFIER=Intel64 Family 6 Model 158 Stepping 9, GenuineIntel
TMP=C:\Users\mrivera\AppData\Local\Temp
TEMP=C:\Users\mrivera\AppData\Local\Temp



Periodic native trim disabled

JNI global refs:
JNI global refs: 0, weak refs: 0

JNI global refs memory usage: 0, weak refs: 0

OOME stack traces (most recent first):
Classloader memory used:


---------------  S Y S T E M  ---------------

OS:
 Windows 11 , 64 bit Build 22000 (10.0.22000.1761)
OS uptime: 1 days 12:04 hours
Hyper-V role detected

CPU: total 8 (initial active 8) (4 cores per cpu, 2 threads per core) family 6 model 158 stepping 9 microcode 0xf0, cx8, cmov, fxsr, ht, mmx, 3dnowpref, sse, sse2, sse3, ssse3, sse4.1, sse4.2, popcnt, lzcnt, tsc, tscinvbit, avx, avx2, aes, erms, clmul, bmi1, bmi2, rtm, adx, fma, vzeroupper, clflush, clflushopt, hv
Processor Information for all 8 processors :
  Max Mhz: 3600, Current Mhz: 3600, Mhz Limit: 3600

Memory: 4k page, system-wide physical 32474M (7176M free)
TotalPageFile size 32474M (AvailPageFile size 257M)
current process WorkingSet (physical memory assigned to process): 10M, peak: 10M
current process commit charge ("private bytes"): 60M, peak: 568M

vm_info: OpenJDK 64-Bit Server VM (17.0.10+8-b1207.12) for windows-amd64 JRE (17.0.10+8-b1207.12), built on 2024-03-15 by "builduser" with MS VC++ 16.10 / 16.11 (VS2019)

END.
